0 info it worked if it ends with ok
1 verbose cli [ '/usr/bin/nodejs', '/usr/bin/npm', 'run', 'lint' ]
2 info using npm@3.10.8
3 info using node@v6.9.1
4 verbose run-script [ 'prelint', 'lint', 'postlint' ]
5 info lifecycle happy-hapi@0.0.1~prelint: happy-hapi@0.0.1
6 silly lifecycle happy-hapi@0.0.1~prelint: no script for prelint, continuing
7 info lifecycle happy-hapi@0.0.1~lint: happy-hapi@0.0.1
8 verbose lifecycle happy-hapi@0.0.1~lint: unsafe-perm in lifecycle true
9 verbose lifecycle happy-hapi@0.0.1~lint: PATH: /usr/lib/node_modules/npm/bin/node-gyp-bin:/home/sam/GitHub/happy-hapi/node_modules/.bin:/home/sam/.npm-global/bin:/home/sam/GitHub/GoLang//bin:/home/sam/.npm-global/bin:/home/sam/GitHub/GoLang//bin:/usr/local/bin:/usr/bin:/bin:/usr/local/games:/usr/games:/usr/local/go/bin:/usr/local/go/bin
10 verbose lifecycle happy-hapi@0.0.1~lint: CWD: /home/sam/GitHub/happy-hapi
11 silly lifecycle happy-hapi@0.0.1~lint: Args: [ '-c', 'eslint . --ext .js' ]
12 silly lifecycle happy-hapi@0.0.1~lint: Returned: code: 1  signal: null
13 info lifecycle happy-hapi@0.0.1~lint: Failed to exec lint script
14 verbose stack Error: happy-hapi@0.0.1 lint: `eslint . --ext .js`
14 verbose stack Exit status 1
14 verbose stack     at EventEmitter.<anonymous> (/usr/lib/node_modules/npm/lib/utils/lifecycle.js:255:16)
14 verbose stack     at emitTwo (events.js:106:13)
14 verbose stack     at EventEmitter.emit (events.js:191:7)
14 verbose stack     at ChildProcess.<anonymous> (/usr/lib/node_modules/npm/lib/utils/spawn.js:40:14)
14 verbose stack     at emitTwo (events.js:106:13)
14 verbose stack     at ChildProcess.emit (events.js:191:7)
14 verbose stack     at maybeClose (internal/child_process.js:877:16)
14 verbose stack     at Process.ChildProcess._handle.onexit (internal/child_process.js:226:5)
15 verbose pkgid happy-hapi@0.0.1
16 verbose cwd /home/sam/GitHub/happy-hapi
17 error Linux 3.8.11
18 error argv "/usr/bin/nodejs" "/usr/bin/npm" "run" "lint"
19 error node v6.9.1
20 error npm  v3.10.8
21 error code ELIFECYCLE
22 error happy-hapi@0.0.1 lint: `eslint . --ext .js`
22 error Exit status 1
23 error Failed at the happy-hapi@0.0.1 lint script 'eslint . --ext .js'.
23 error Make sure you have the latest version of node.js and npm installed.
23 error If you do, this is most likely a problem with the happy-hapi package,
23 error not with npm itself.
23 error Tell the author that this fails on your system:
23 error     eslint . --ext .js
23 error You can get information on how to open an issue for this project with:
23 error     npm bugs happy-hapi
23 error Or if that isn't available, you can get their info via:
23 error     npm owner ls happy-hapi
23 error There is likely additional logging output above.
24 verbose exit [ 1, true ]
